<?xml version="1.0" encoding="UTF-8"?>
<coverage generated="1668789748755" clover="3.2.0">
  <project timestamp="1668789748755" name="All files">
    <metrics statements="46" coveredstatements="46" conditionals="21" coveredconditionals="20" methods="12" coveredmethods="12" elements="79" coveredelements="78" complexity="0" loc="46" ncloc="46" packages="1" files="4" classes="4"/>
    <file name="item.js" path="/home/cas/Projects/Makers/challenge_week/gilded_rose/src/item.js">
      <metrics statements="4" coveredstatements="4" conditionals="0" coveredconditionals="0" methods="1" coveredmethods="1"/>
      <line num="3" count="36" type="stmt"/>
      <line num="4" count="36" type="stmt"/>
      <line num="5" count="36" type="stmt"/>
      <line num="10" count="4" type="stmt"/>
    </file>
    <file name="itemModifier.js" path="/home/cas/Projects/Makers/challenge_week/gilded_rose/src/itemModifier.js">
      <metrics statements="5" coveredstatements="5" conditionals="2" coveredconditionals="2" methods="3" coveredmethods="3"/>
      <line num="4" count="10" type="stmt"/>
      <line num="8" count="31" type="cond" truecount="2" falsecount="0"/>
      <line num="9" count="25" type="stmt"/>
      <line num="14" count="17" type="stmt"/>
      <line num="19" count="3" type="stmt"/>
    </file>
    <file name="itemUpdater.js" path="/home/cas/Projects/Makers/challenge_week/gilded_rose/src/itemUpdater.js">
      <metrics statements="18" coveredstatements="18" conditionals="10" coveredconditionals="10" methods="5" coveredmethods="5"/>
      <line num="1" count="2" type="stmt"/>
      <line num="2" count="2" type="stmt"/>
      <line num="6" count="7" type="stmt"/>
      <line num="10" count="5" type="stmt"/>
      <line num="14" count="11" type="cond" truecount="2" falsecount="0"/>
      <line num="15" count="2" type="stmt"/>
      <line num="16" count="2" type="stmt"/>
      <line num="19" count="9" type="stmt"/>
      <line num="21" count="9" type="cond" truecount="2" falsecount="0"/>
      <line num="22" count="5" type="stmt"/>
      <line num="25" count="9" type="cond" truecount="2" falsecount="0"/>
      <line num="26" count="3" type="stmt"/>
      <line num="31" count="2" type="stmt"/>
      <line num="35" count="7" type="cond" truecount="2" falsecount="0"/>
      <line num="36" count="5" type="stmt"/>
      <line num="39" count="7" type="cond" truecount="2" falsecount="0"/>
      <line num="40" count="1" type="stmt"/>
      <line num="45" count="2" type="stmt"/>
    </file>
    <file name="shop.js" path="/home/cas/Projects/Makers/challenge_week/gilded_rose/src/shop.js">
      <metrics statements="19" coveredstatements="19" conditionals="9" coveredconditionals="8" methods="3" coveredmethods="3"/>
      <line num="1" count="1" type="stmt"/>
      <line num="2" count="1" type="stmt"/>
      <line num="4" count="1" type="stmt"/>
      <line num="5" count="1" type="stmt"/>
      <line num="9" count="14" type="stmt"/>
      <line num="12" count="15" type="stmt"/>
      <line num="13" count="22" type="cond" truecount="2" falsecount="0"/>
      <line num="14" count="6" type="stmt"/>
      <line num="15" count="6" type="stmt"/>
      <line num="16" count="16" type="cond" truecount="2" falsecount="0"/>
      <line num="17" count="4" type="stmt"/>
      <line num="18" count="12" type="cond" truecount="2" falsecount="0"/>
      <line num="19" count="7" type="stmt"/>
      <line num="20" count="5" type="cond" truecount="2" falsecount="0"/>
      <line num="21" count="1" type="stmt"/>
      <line num="23" count="4" type="stmt"/>
      <line num="26" count="16" type="stmt"/>
      <line num="29" count="15" type="stmt"/>
      <line num="33" count="1" type="stmt"/>
    </file>
  </project>
</coverage>
