TN:
SF:src/item.js
FN:2,(anonymous_0)
FNF:1
FNH:1
FNDA:36,(anonymous_0)
DA:3,36
DA:4,36
DA:5,36
DA:10,4
LF:4
LH:4
BRF:0
BRH:0
end_of_record
TN:
SF:src/itemModifier.js
FN:3,(anonymous_0)
FN:7,(anonymous_1)
FN:13,(anonymous_2)
FNF:3
FNH:3
FNDA:10,(anonymous_0)
FNDA:31,(anonymous_1)
FNDA:17,(anonymous_2)
DA:4,10
DA:8,31
DA:9,25
DA:14,17
DA:19,3
LF:5
LH:5
BRDA:8,0,0,25
BRDA:8,0,1,6
BRF:2
BRH:2
end_of_record
TN:
SF:src/itemUpdater.js
FN:5,(anonymous_0)
FN:9,(anonymous_1)
FN:13,(anonymous_2)
FN:30,(anonymous_3)
FN:34,(anonymous_4)
FNF:5
FNH:5
FNDA:7,(anonymous_0)
FNDA:5,(anonymous_1)
FNDA:11,(anonymous_2)
FNDA:2,(anonymous_3)
FNDA:7,(anonymous_4)
DA:1,2
DA:2,2
DA:6,7
DA:10,5
DA:14,11
DA:15,2
DA:16,2
DA:19,9
DA:21,9
DA:22,5
DA:25,9
DA:26,3
DA:31,2
DA:35,7
DA:36,5
DA:39,7
DA:40,1
DA:45,2
LF:18
LH:18
BRDA:14,0,0,2
BRDA:14,0,1,9
BRDA:21,1,0,5
BRDA:21,1,1,4
BRDA:25,2,0,3
BRDA:25,2,1,6
BRDA:35,3,0,5
BRDA:35,3,1,2
BRDA:39,4,0,1
BRDA:39,4,1,6
BRF:10
BRH:10
end_of_record
TN:
SF:src/shop.js
FN:8,(anonymous_0)
FN:11,(anonymous_1)
FN:12,(anonymous_2)
FNF:3
FNH:3
FNDA:14,(anonymous_0)
FNDA:15,(anonymous_1)
FNDA:22,(anonymous_2)
DA:1,1
DA:2,1
DA:4,1
DA:5,1
DA:9,14
DA:12,15
DA:13,22
DA:14,6
DA:15,6
DA:16,16
DA:17,4
DA:18,12
DA:19,7
DA:20,5
DA:21,1
DA:23,4
DA:26,16
DA:29,15
DA:33,1
LF:19
LH:19
BRDA:8,0,0,0
BRDA:13,1,0,6
BRDA:13,1,1,16
BRDA:16,2,0,4
BRDA:16,2,1,12
BRDA:18,3,0,7
BRDA:18,3,1,5
BRDA:20,4,0,1
BRDA:20,4,1,4
BRF:9
BRH:8
end_of_record
